<?xml version="1.0" encoding="UTF-8"?>
<!-- Generated by org.testng.reporters.JUnitXMLReporter -->
<testsuite hostname="DESKTOP-PQKNRIU" ignored="0" name="Default test" tests="3" failures="0" timestamp="11 Feb 2022 02:54:38 GMT" time="12.938" errors="0">
  <testcase name="doLoginTest" time="3.01" classname="com.opencart.tests.LoginPageTest"/>
  <testcase name="getPageLogoTest" time="0.044" classname="com.opencart.tests.LoginPageTest"/>
  <testcase name="getPageTitleTest" time="0.011" classname="com.opencart.tests.LoginPageTest"/>
</testsuite> <!-- Default test -->
